-99968
-99950
-99946
-99942
-99921
-99891
-99879
-99877
-99833
-99818
-99739
-99727
-99703
-99695
-99644
-99538
-99528
-99522
-99476
-99465
-99464
-99446
-99439
-99383
-99369
-99310
-99297
-99280
-99273
-99266
-99265
-99246
-99198
-99185
-99181
-99165
-99157
-99153
-99149
-99130
-99124
-99101
-99086
-99079
-99074
-99059
-99036
-99003
-98966
-98954
-98949
-98929
-98924
-98851
-98837
-98798
-98784
-98776
-98768
-98765
-98762
-98744
-98742
-98683
-98678
-98656
-98656
-98639
-98605
-98603
-98595
-98577
-98559
-98557
-98461
-98456
-98438
-98431
-98419
-98415
-98397
-98385
-98382
-98337
-98324
-98305
-98305
-98224
-98218
-98213
-98194
-98179
-98177
-98142
-98131
-98094
-98090
-98032
-98025
-98014
-98009
-98001
-97997
-97956
-97940
-97934
-97926
-97912
-97906
-97870
-97867
-97844
-97831
-97758
-97733
-97723
-97722
-97713
-97709
-97665
-97656
-97655
-97634
-97615
-97586
-97492
-97491
-97463
-97460
-97451
-97435
-97431
-97396
-97384
-97377
-97373
-97344
-97329
-97295
-97283
-97278
-97274
-97269
-97239
-97180
-97151
-97149
-97070
-97061
-97039
-97035
-97032
-97018
-97010
-96992
-96978
-96972
-96934
-96844
-96834
-96794
-96794
-96787
-96779
-96756
-96749
-96730
-96701
-96641
-96634
-96605
-96561
-96556
-96530
-96523
-96491
-96452
-96432
-96414
-96373
-96347
-96345
-96343
-96329
-96328
-96317
-96282
-96267
-96265
-96258
-96258
-96237
-96201
-96065
-96030
-95982
-95982
-95971
-95956
-95955
-95945
-95903
-95867
-95849
-95839
-95833
-95815
-95791
-95766
-95756
-95750
-95749
-95739
-95725
-95706
-95691
-95688
-95685
-95682
-95677
-95667
-95661
-95649
-95600
-95590
-95583
-95575
-95515
-95503
-95490
-95482
-95466
-95428
-95356
-95349
-95346
-95343
-95339
-95330
-95329
-95302
-95268
-95267
-95248
-95246
-95235
-95220
-95186
-95184
-95182
-95181
-95174
-95154
-95153
-95140
-95116
-95114
-95050
-95034
-95022
-95018
-95010
-95006
-94986
-94971
-94966
-94909
-94854
-94853
-94850
-94803
-94788
-94777
-94745
-94739
-94733
-94725
-94720
-94701
-94676
-94646
-94622
-94577
-94422
-94419
-94396
-94389
-94378
-94370
-94347
-94339
-94328
-94293
-94292
-94282
-94243
-94206
-94203
-94202
-94175
-94126
-94123
-94064
-94047
-94031
-94006
-94002
-93922
-93895
-93892
-93884
-93884
-93876
-93867
-93854
-93853
-93811
-93798
-93791
-93790
-93785
-93765
-93739
-93700
-93697
-93671
-93661
-93607
-93578
-93569
-93549
-93514
-93508
-93493
-93467
-93429
-93422
-93416
-93404
-93372
-93328
-93322
-93273
-93271
-93255
-93226
-93206
-93145
-93144
-93088
-93082
-93076
-93055
-93052
-93044
-93016
-92974
-92961
-92926
-92896
-92876
-92865
-92853
-92843
-92835
-92833
-92799
-92795
-92782
-92772
-92770
-92749
-92740
-92726
-92718
-92693
-92674
-92648
-92613
-92604
-92585
-92549
-92520
-92514
-92472
-92408
-92381
-92365
-92358
-92345
-92337
-92330
-92326
-92316
-92313
-92307
-92306
-92277
-92262
-92255
-92251
-92236
-92204
-92179
-92179
-92167
-92148
-92140
-92105
-92092
-92063
-92040
-92018
-91960
-91955
-91924
-91906
-91883
-91874
-91821
-91806
-91801
-91745
-91734
-91730
-91710
-91699
-91648
-91646
-91643
-91629
-91601
-91575
-91556
-91536
-91522
-91520
-91509
-91496
-91496
-91451
-91443
-91420
-91418
-91404
-91399
-91399
-91393
-91386
-91358
-91301
-91299
-91285
-91266
-91255
-91254
-91252
-91236
-91221
-91216
-91207
-91200
-91199
-91190
-91174
-91118
-91033
-91032
-91018
-91004
-91001
-90995
-90971
-90962
-90946
-90946
-90911
-90857
-90839
-90830
-90790
-90789
-90780
-90772
-90771
-90736
-90731
-90727
-90655
-90654
-90606
-90601
-90600
-90591
-90577
-90576
-90487
-90480
-90479
-90445
-90443
-90428
-90422
-90400
-90346
-90317
-90311
-90298
-90278
-90273
-90264
-90260
-90218
-90189
-90185
-90131
-90120
-90103
-90074
-90073
-90068
-90033
-90005
-90002
-89951
-89926
-89871
-89866
-89858
-89852
-89846
-89839
-89819
-89807
-89791
-89787
-89785
-89770
-89735
-89727
-89719
-89715
-89688
-89685
-89659
-89658
-89638
-89636
-89613
-89597
-89576
-89562
-89546
-89503
-89477
-89457
-89454
-89429
-89419
-89419
-89366
-89363
-89361
-89349
-89329
-89320
-89304
-89286
-89223
-89215
-89199
-89196
-89153
-89141
-89100
-89064
-89050
-89042
-89031
-89019
-89011
-89007
-89003
-89001
-88999
-88992
-88980
-88958
-88951
-88936
-88884
-88883
-88879
-88865
-88865
-88849
-88830
-88829
-88807
-88790
-88760
-88728
-88725
-88704
-88691
-88687
-88686
-88672
-88644
-88639
-88611
-88609
-88604
-88587
-88586
-88549
-88543
-88542
-88527
-88480
-88472
-88432
-88403
-88394
-88355
-88340
-88325
-88291
-88283
-88236
-88182
-88173
-88144
-88135
-88124
-88104
-88103
-88101
-88100
-88050
-88041
-88025
-87954
-87943
-87931
-87914
-87893
-87890
-87889
-87855
-87844
-87827
-87745
-87688
-87682
-87667
-87654
-87640
-87614
-87540
-87532
-87518
-87516
-87495
-87444
-87440
-87391
-87387
-87380
-87361
-87353
-87316
-87302
-87289
-87263
-87259
-87258
-87250
-87239
-87219
-87214
-87211
-87204
-87168
-87165
-87149
-87139
-87130
-87120
-87081
-87048
-87012
-86987
-86983
-86944
-86943
-86918
-86870
-86821
-86809
-86772
-86736
-86716
-86687
-86669
-86623
-86606
-86591
-86576
-86575
-86515
-86502
-86470
-86459
-86448
-86421
-86387
-86387
-86387
-86379
-86372
-86358
-86351
-86347
-86322
-86312
-86285
-86265
-86264
-86259
-86236
-86232
-86210
-86205
-86182
-86179
-86173
-86133
-86100
-86054
-86053
-86030
-86029
-85980
-85979
-85973
-85959
-85916
-85915
-85828
-85807
-85781
-85767
-85755
-85736
-85735
-85731
-85730
-85728
-85719
-85651
-85627
-85623
-85615
-85555
-85550
-85540
-85528
-85527
-85510
-85487
-85486
-85480
-85475
-85474
-85464
-85438
-85429
-85399
-85379
-85334
-85311
-85282
-85278
-85268
-85235
-85204
-85181
-85177
-85176
-85160
-85140
-85139
-85137
-85119
-85081
-85053
-85045
-85041
-85024
-85005
-84936
-84934
-84895
-84811
-84789
-84783
-84781
-84743
-84737
-84700
-84699
-84676
-84646
-84642
-84613
-84610
-84606
-84589
-84561
-84536
-84513
-84499
-84462
-84441
-84436
-84427
-84418
-84416
-84383
-84339
-84334
-84294
-84269
-84223
-84217
-84206
-84190
-84153
-84108
-84065
-84037
-83988
-83951
-83859
-83840
-83828
-83820
-83819
-83769
-83757
-83712
-83710
-83697
-83687
-83650
-83645
-83583
-83568
-83561
-83555
-83538
-83538
-83515
-83510
-83414
-83414
-83384
-83381
-83364
-83334
-83323
-83313
-83305
-83279
-83255
-83246
-83229
-83209
-83195
-83177
-83167
-83137
-83125
-83119
-83070
-83047
-83029
-83027
-82997
-82978
-82939
-82929
-82904
-82888
-82883
-82870
-82869
-82869
-82792
-82755
-82735
-82729
-82702
-82701
-82700
-82685
-82608
-82584
-82495
-82429
-82413
-82407
-82354
-82351
-82279
-82274
-82271
-82260
-82260
-82254
-82246
-82223
-82194
-82186
-82170
-82142
-82128
-82116
-82113
-82106
-82091
-82069
-82068
-82051
-82018
-82017
-81972
-81955
-81950
-81934
-81894
-81864
-81855
-81843
-81827
-81789
-81712
-81710
-81696
-81668
-81656
-81625
-81578
-81558
-81556
-81492
-81488
-81461
-81458
-81455
-81430
-81430
-81429
-81412
-81406
-81348
-81347
-81328
-81324
-81280
-81269
-81235
-81227
-81183
-81178
-81056
-81044
-81027
-81023
-81022
-81018
-81009
-80992
-80991
-80974
-80944
-80913
-80869
-80850
-80839
-80746
-80708
-80657
-80617
-80611
-80595
-80592
-80537
-80502
-80484
-80463
-80459
-80455
-80438
-80426
-80420
-80404
-80391
-80359
-80354
-80341
-80328
-80326
-80320
-80287
-80282
-80267
-80266
-80202
-80185
-80158
-80144
-80136
-80134
-80125
-80116
-80115
-80108
-80079
-80060
-80047
-80020
-80002
-79976
-79944
-79928
-79921
-79841
-79806
-79805
-79805
-79801
-79791
-79752
-79732
-79731
-79728
-79723
-79721
-79704
-79649
-79575
-79562
-79522
-79502
-79501
-79495
-79323
-79323
-79269
-79256
-79223
-79206
-79191
-79182
-79159
-79151
-79147
-79120
-78993
-78983
-78925
-78908
-78883
-78871
-78858
-78853
-78848
-78810
-78806
-78770
-78766
-78744
-78721
-78713
-78709
-78686
-78621
-78606
-78604
-78585
-78536
-78464
-78460
-78424
-78422
-78406
-78401
-78399
-78389
-78378
-78376
-78376
-78365
-78359
-78357
-78354
-78349
-78250
-78243
-78201
-78194
-78191
-78184
-78107
-78104
-78104
-78086
-78039
-78023
-78004
-78003
-77989
-77987
-77961
-77908
-77907
-77894
-77879
-77861
-77832
-77827
-77827
-77821
-77800
-77778
-77702
-77701
-77675
-77643
-77617
-77610
-77592
-77587
-77582
-77492
-77468
-77464
-77452
-77439
-77412
-77409
-77351
-77309
-77300
-77288
-77262
-77261
-77246
-77246
-77245
-77214
-77205
-77170
-77136
-77131
-77128
-77125
-77117
-77105
-77066
-77058
-77044
-77042
-76992
-76990
-76984
-76977
-76968
-76963
-76955
-76955
-76937
-76918
-76885
-76867
-76852
-76816
-76795
-76755
-76656
-76640
-76616
-76598
-76559
-76530
-76522
-76506
-76481
-76471
-76459
-76428
-76414
-76405
-76395
-76381
-76337
-76332
-76308
-76280
-76265
-76238
-76232
-76206
-76196
-76160
-76150
-76150
-76149
-76129
-76123
-76092
-76055
-76019
-76002
-75958
-75921
-75906
-75904
-75897
-75894
-75884
-75831
-75732
-75726
-75710
-75681
-75675
-75643
-75640
-75632
-75628
-75620
-75595
-75587
-75571
-75557
-75555
-75547
-75542
-75520
-75515
-75513
-75487
-75477
-75459
-75429
-75415
-75406
-75371
-75355
-75354
-75337
-75327
-75278
-75235
-75210
-75202
-75157
-75149
-75145
-75126
-75093
-75089
-75084
-75075
-75028
-74967
-74937
-74913
-74880
-74878
-74847
-74821
-74731
-74714
-74689
-74682
-74676
-74664
-74647
-74640
-74597
-74581
-74575
-74532
-74530
-74523
-74509
-74503
-74463
-74454
-74435
-74400
-74365
-74318
-74317
-74308
-74272
-74271
-74267
-74258
-74257
-74255
-74241
-74221
-74183
-74169
-74158
-74156
-74146
-74131
-74115
-74107
-74080
-74077
-74061
-74040
-74023
-73997
-73984
-73934
-73911
-73907
-73898
-73890
-73880
-73879
-73858
-73841
-73828
-73818
-73813
-73781
-73775
-73761
-73727
-73671
-73651
-73611
-73599
-73587
-73584
-73584
-73554
-73534
-73476
-73470
-73459
-73437
-73398
-73348
-73267
-73258
-73241
-73236
-73231
-73211
-73211
-73188
-73169
-73121
-73115
-73103
-73076
-73065
-73029
-73023
-73017
-73002
-72971
-72958
-72923
-72923
-72914
-72889
-72881
-72831
-72828
-72825
-72811
-72811
-72802
-72750
-72745
-72713
-72691
-72638
-72631
-72518
-72498
-72489
-72485
-72464
-72444
-72419
-72378
-72375
-72372
-72351
-72331
-72330
-72314
-72261
-72235
-72195
-72168
-72155
-72125
-72122
-72102
-72087
-72078
-72070
-72039
-72005
-71993
-71946
-71904
-71868
-71834
-71813
-71812
-71807
-71777
-71771
-71766
-71730
-71710
-71707
-71690
-71673
-71668
-71627
-71618
-71580
-71560
-71516
-71511
-71508
-71476
-71472
-71459
-71434
-71413
-71330
-71292
-71283
-71263
-71204
-71189
-71176
-71165
-71139
-71092
-71071
-71065
-71056
-71054
-71013
-70997
-70995
-70995
-70983
-70969
-70960
-70919
-70878
-70872
-70850
-70844
-70813
-70813
-70798
-70759
-70733
-70731
-70730
-70700
-70651
-70627
-70610
-70591
-70588
-70582
-70567
-70549
-70541
-70498
-70452
-70445
-70445
-70445
-70426
-70424
-70412
-70381
-70268
-70254
-70234
-70231
-70215
-70197
-70175
-70150
-70149
-70101
-70037
-70030
-70023
-69961
-69932
-69913
-69901
-69899
-69894
-69891
-69848
-69837
-69832
-69820
-69802
-69780
-69758
-69756
-69752
-69744
-69725
-69717
-69683
-69663
-69609
-69582
-69579
-69570
-69538
-69522
-69509
-69486
-69477
-69380
-69379
-69336
-69327
-69296
-69198
-69189
-69166
-69157
-69148
-69144
-69124
-69121
-69092
-69080
-69078
-69042
-69029
-69006
-69006
-68983
-68966
-68964
-68952
-68944
-68888
-68867
-68849
-68836
-68806
-68805
-68802
-68762
-68738
-68714
-68690
-68690
-68687
-68684
-68662
-68643
-68628
-68619
-68619
-68589
-68566
-68556
-68551
-68551
-68490
-68461
-68441
-68438
-68422
-68413
-68409
-68394
-68368
-68361
-68347
-68323
-68317
-68270
-68262
-68248
-68217
-68184
-68177
-68080
-68078
-68041
-67994
-67953
-67943
-67888
-67868
-67863
-67855
-67852
-67796
-67789
-67786
-67762
-67754
-67744
-67731
-67601
-67588
-67540
-67507
-67480
-67470
-67467
-67456
-67452
-67426
-67414
-67410
-67359
-67335
-67330
-67321
-67275
-67240
-67222
-67213
-67206
-67204
-67199
-67169
-67161
-67103
-67079
-67043
-67022
-67014
-66988
-66917
-66910
-66905
-66883
-66803
-66801
-66801
-66786
-66784
-66778
-66710
-66710
-66699
-66696
-66663
-66644
-66628
-66588
-66587
-66555
-66540
-66527
-66521
-66521
-66509
-66487
-66481
-66470
-66470
-66466
-66461
-66460
-66432
-66424
-66389
-66354
-66354
-66344
-66342
-66335
-66311
-66276
-66268
-66266
-66226
-66179
-66158
-66092
-66090
-66077
-66057
-66055
-66040
-66035
-66017
-65974
-65970
-65951
-65940
-65934
-65924
-65924
-65894
-65881
-65874
-65871
-65865
-65865
-65840
-65816
-65806
-65791
-65750
-65749
-65739
-65721
-65715
-65703
-65700
-65696
-65683
-65661
-65657
-65603
-65589
-65560
-65533
-65529
-65469
-65469
-65457
-65447
-65433
-65363
-65363
-65339
-65327
-65322
-65320
-65283
-65265
-65263
-65239
-65220
-65210
-65208
-65187
-65164
-65153
-65148
-65114
-65083
-65030
-65030
-64991
-64990
-64984
-64968
-64965
-64958
-64934
-64926
-64926
-64911
-64897
-64852
-64849
-64825
-64822
-64793
-64749
-64733
-64732
-64715
-64653
-64651
-64628
-64615
-64588
-64577
-64569
-64566
-64554
-64553
-64538
-64529
-64503
-64493
-64471
-64461
-64443
-64439
-64410
-64396
-64387
-64378
-64377
-64365
-64355
-64348
-64323
-64299
-64298
-64277
-64259
-64242
-64241
-64204
-64177
-64165
-64159
-64142
-64133
-64099
-64069
-64017
-64003
-63982
-63982
-63981
-63969
-63940
-63919
-63860
-63855
-63848
-63773
-63772
-63758
-63746
-63745
-63740
-63740
-63707
-63635
-63631
-63606
-63574
-63562
-63545
-63529
-63488
-63465
-63459
-63426
-63390
-63380
-63379
-63370
-63369
-63354
-63285
-63249
-63222
-63218
-63215
-63210
-63199
-63199
-63177
-63168
-63160
-63154
-63153
-63108
-63103
-63082
-63062
-63042
-63019
-63018
-62978
-62978
-62942
-62914
-62870
-62823
-62818
-62806
-62755
-62718
-62707
-62705
-62664
-62651
-62602
-62590
-62516
-62493
-62477
-62457
-62438
-62424
-62388
-62360
-62356
-62346
-62329
-62315
-62311
-62294
-62277
-62250
-62244
-62197
-62191
-62185
-62183
-62182
-62157
-62115
-62113
-62103
-62099
-62060
-62055
-62030
-61988
-61952
-61946
-61927
-61914
-61913
-61912
-61863
-61844
-61843
-61842
-61835
-61834
-61804
-61781
-61755
-61752
-61750
-61711
-61703
-61686
-61682
-61664
-61637
-61624
-61578
-61554
-61553
-61551
-61541
-61502
-61490
-61449
-61448
-61436
-61400
-61372
-61369
-61361
-61357
-61346
-61339
-61289
-61282
-61238
-61194
-61191
-61150
-61148
-61118
-61095
-61085
-61066
-61038
-61032
-60999
-60996
-60988
-60945
-60901
-60899
-60885
-60873
-60856
-60855
-60833
-60819
-60812
-60786
-60759
-60748
-60712
-60703
-60699
-60673
-60665
-60649
-60643
-60632
-60621
-60589
-60582
-60574
-60564
-60516
-60514
-60491
-60491
-60481
-60475
-60473
-60426
-60425
-60418
-60388
-60376
-60364
-60360
-60316
-60295
-60285
-60279
-60265
-60255
-60249
-60226
-60214
-60206
-60202
-60161
-60144
-60127
-60122
-60083
-60080
-60065
-60059
-60010
-59999
-59980
-59953
-59947
-59918
-59876
-59836
-59810
-59794
-59789
-59779
-59778
-59766
-59762
-59753
-59744
-59720
-59691
-59678
-59641
-59624
-59603
-59568
-59527
-59521
-59516
-59502
-59483
-59462
-59455
-59433
-59431
-59413
-59399
-59379
-59372
-59366
-59362
-59320
-59282
-59259
-59250
-59244
-59223
-59186
-59155
-59141
-59135
-59121
-59109
-59093
-59091
-59074
-59072
-59035
-59016
-58980
-58978
-58945
-58931
-58894
-58887
-58840
-58836
-58828
-58820
-58811
-58790
-58782
-58746
-58740
-58728
-58718
-58660
-58658
-58651
-58648
-58617
-58530
-58525
-58520
-58496
-58485
-58477
-58461
-58446
-58417
-58389
-58373
-58339
-58326
-58318
-58298
-58263
-58252
-58228
-58216
-58210
-58166
-58145
-58084
-58071
-58049
-58048
-58047
-57975
-57946
-57943
-57896
-57894
-57884
-57869
-57865
-57848
-57826
-57825
-57794
-57771
-57752
-57739
-57726
-57691
-57665
-57661
-57660
-57612
-57605
-57602
-57567
-57556
-57549
-57546
-57517
-57516
-57449
-57442
-57441
-57437
-57409
-57386
-57378
-57372
-57371
-57358
-57352
-57339
-57330
-57324
-57313
-57269
-57240
-57231
-57216
-57175
-57154
-57140
-57054
-57050
-56993
-56993
-56986
-56973
-56965
-56955
-56943
-56938
-56930
-56912
-56911
-56903
-56897
-56855
-56827
-56821
-56787
-56785
-56758
-56749
-56713
-56706
-56671
-56652
-56647
-56646
-56644
-56642
-56638
-56621
-56614
-56567
-56566
-56561
-56555
-56549
-56545
-56512
-56504
-56487
-56471
-56462
-56459
-56457
-56419
-56412
-56377
-56366
-56340
-56320
-56280
-56248
-56211
-56186
-56170
-56158
-56155
-56131
-56121
-56119
-56093
-56091
-56068
-56043
-56043
-56039
-56032
-55937
-55920
-55915
-55909
-55900
-55886
-55799
-55775
-55763
-55738
-55674
-55647
-55640
-55639
-55622
-55602
-55579
-55558
-55555
-55551
-55547
-55527
-55514
-55502
-55495
-55484
-55371
-55321
-55264
-55244
-55203
-55199
-55194
-55170
-55169
-55146
-55136
-55127
-55111
-55076
-55066
-55064
-55044
-55004
-54999
-54990
-54989
-54966
-54955
-54946
-54933
-54929
-54901
-54892
-54874
-54852
-54790
-54786
-54761
-54739
-54724
-54718
-54706
-54690
-54689
-54682
-54675
-54673
-54619
-54612
-54604
-54570
-54563
-54533
-54532
-54524
-54513
-54507
-54491
-54474
-54447
-54396
-54390
-54386
-54350
-54314
-54236
-54218
-54213
-54185
-54181
-54170
-54159
-54154
-54135
-54111
-54098
-54093
-54086
-54081
-54079
-54070
-54069
-54045
-54021
-54016
-53977
-53940
-53918
-53918
-53908
-53902
-53896
-53823
-53820
-53800
-53773
-53749
-53748
-53747
-53731
-53731
-53685
-53681
-53667
-53649
-53634
-53630
-53600
-53520
-53510
-53487
-53484
-53454
-53451
-53376
-53290
-53277
-53260
-53256
-53248
-53194
-53185
-53165
-53161
-53107
-53097
-53076
-53061
-53049
-53047
-52999
-52991
-52940
-52932
-52917
-52901
-52886
-52878
-52878
-52877
-52866
-52865
-52845
-52838
-52830
-52791
-52781
-52774
-52763
-52757
-52757
-52755
-52744
-52708
-52653
-52651
-52645
-52594
-52568
-52553
-52523
-52513
-52510
-52469
-52449
-52438
-52415
-52387
-52380
-52361
-52324
-52307
-52283
-52215
-52208
-52189
-52179
-52178
-52119
-52103
-52072
-52063
-52023
-52004
-52002
-51958
-51956
-51955
-51917
-51888
-51858
-51828
-51822
-51752
-51707
-51689
-51668
-51666
-51651
-51646
-51642
-51631
-51608
-51597
-51555
-51552
-51527
-51476
-51431
-51396
-51298
-51296
-51282
-51214
-51212
-51199
-51193
-51167
-51147
-51114
-51105
-51022
-51016
-51010
-51007
-50986
-50973
-50950
-50946
-50932
-50926
-50891
-50885
-50863
-50855
-50852
-50822
-50821
-50813
-50805
-50803
-50781
-50778
-50754
-50698
-50653
-50611
-50600
-50573
-50532
-50516
-50511
-50489
-50487
-50473
-50468
-50465
-50432
-50407
-50391
-50385
-50359
-50353
-50316
-50314
-50311
-50295
-50222
-50220
-50211
-50211
-50209
-50197
-50197
-50178
-50176
-50159
-50119
-50074
-50073
-49946
-49926
-49915
-49883
-49870
-49795
-49748
-49673
-49654
-49647
-49639
-49636
-49629
-49629
-49611
-49610
-49607
-49607
-49517
-49498
-49496
-49490
-49465
-49444
-49442
-49398
-49384
-49374
-49316
-49312
-49304
-49298
-49288
-49276
-49268
-49260
-49231
-49202
-49188
-49187
-49182
-49157
-49154
-49119
-49098
-49093
-49069
-49068
-49036
-48987
-48963
-48936
-48929
-48875
-48866
-48856
-48852
-48798
-48756
-48690
-48690
-48683
-48623
-48614
-48608
-48606
-48598
-48555
-48550
-48539
-48531
-48524
-48496
-48475
-48458
-48446
-48442
-48441
-48440
-48405
-48403
-48387
-48359
-48320
-48272
-48265
-48261
-48251
-48213
-48193
-48168
-48150
-48136
-48051
-48049
-47974
-47936
-47927
-47909
-47893
-47849
-47844
-47813
-47728
-47726
-47682
-47637
-47635
-47630
-47630
-47616
-47610
-47603
-47589
-47569
-47565
-47511
-47498
-47465
-47453
-47427
-47396
-47389
-47385
-47385
-47382
-47370
-47351
-47342
-47340
-47337
-47334
-47325
-47305
-47289
-47282
-47261
-47212
-47186
-47076
-46979
-46936
-46932
-46927
-46915
-46913
-46906
-46900
-46892
-46887
-46859
-46838
-46822
-46821
-46790
-46790
-46729
-46726
-46674
-46665
-46629
-46537
-46524
-46514
-46513
-46487
-46482
-46461
-46446
-46433
-46413
-46403
-46394
-46385
-46347
-46326
-46321
-46302
-46289
-46257
-46251
-46248
-46238
-46235
-46234
-46226
-46199
-46164
-46152
-46108
-46058
-46049
-46048
-46038
-46030
-45995
-45987
-45980
-45958
-45949
-45938
-45920
-45906
-45875
-45856
-45824
-45789
-45779
-45766
-45746
-45735
-45703
-45679
-45673
-45650
-45634
-45616
-45517
-45500
-45482
-45436
-45429
-45418
-45418
-45415
-45389
-45369
-45346
-45326
-45309
-45307
-45307
-45243
-45236
-45231
-45179
-45168
-45158
-45152
-45134
-45097
-45075
-45064
-45060
-45060
-45037
-45032
-45020
-45008
-44960
-44959
-44955
-44952
-44929
-44918
-44880
-44862
-44851
-44842
-44830
-44824
-44800
-44795
-44770
-44763
-44751
-44750
-44740
-44739
-44716
-44690
-44685
-44684
-44676
-44672
-44623
-44615
-44615
-44575
-44568
-44500
-44482
-44457
-44456
-44389
-44345
-44334
-44296
-44249
-44226
-44196
-44181
-44168
-44159
-44156
-44137
-44108
-44105
-44090
-44081
-44064
-44048
-44038
-44033
-44032
-44026
-44018
-43979
-43938
-43932
-43896
-43882
-43869
-43869
-43850
-43840
-43828
-43828
-43814
-43783
-43774
-43759
-43756
-43707
-43699
-43692
-43655
-43641
-43574
-43536
-43513
-43505
-43500
-43488
-43480
-43427
-43353
-43285
-43259
-43247
-43236
-43228
-43207
-43206
-43161
-43157
-43147
-43147
-43134
-43090
-43017
-42974
-42970
-42959
-42921
-42862
-42797
-42795
-42784
-42781
-42779
-42776
-42774
-42761
-42757
-42705
-42698
-42696
-42687
-42659
-42650
-42637
-42626
-42620
-42615
-42612
-42572
-42490
-42439
-42410
-42380
-42350
-42346
-42333
-42285
-42267
-42246
-42238
-42234
-42232
-42228
-42132
-42105
-42099
-42096
-42096
-42055
-42029
-42025
-42011
-42010
-41973
-41956
-41934
-41912
-41847
-41846
-41841
-41838
-41818
-41780
-41739
-41682
-41648
-41644
-41549
-41532
-41527
-41519
-41506
-41505
-41496
-41484
-41449
-41425
-41379
-41355
-41348
-41321
-41315
-41306
-41301
-41255
-41243
-41233
-41193
-41189
-41187
-41176
-41131
-41101
-41074
-41065
-41063
-41052
-41050
-41047
-41044
-41043
-40971
-40959
-40905
-40901
-40885
-40838
-40827
-40820
-40808
-40797
-40789
-40784
-40727
-40687
-40673
-40670
-40668
-40647
-40627
-40610
-40608
-40603
-40572
-40510
-40506
-40498
-40495
-40492
-40471
-40424
-40375
-40369
-40358
-40344
-40342
-40312
-40277
-40257
-40256
-40244
-40232
-40219
-40216
-40111
-40110
-40100
-40083
-40064
-40063
-40046
-40031
-39986
-39975
-39973
-39966
-39931
-39916
-39904
-39894
-39816
-39788
-39775
-39765
-39757
-39733
-39669
-39667
-39664
-39645
-39637
-39634
-39632
-39617
-39613
-39613
-39606
-39579
-39572
-39548
-39538
-39535
-39522
-39505
-39499
-39489
-39480
-39453
-39451
-39442
-39428
-39415
-39366
-39353
-39353
-39323
-39322
-39286
-39271
-39257
-39202
-39171
-39170
-39150
-39125
-39107
-39106
-39085
-39085
-39078
-39068
-39020
-39010
-38991
-38969
-38963
-38906
-38895
-38894
-38891
-38856
-38852
-38822
-38818
-38812
-38795
-38789
-38788
-38735
-38673
-38648
-38608
-38594
-38589
-38589
-38526
-38507
-38503
-38470
-38443
-38438
-38419
-38419
-38416
-38407
-38396
-38393
-38385
-38369
-38351
-38350
-38340
-38316
-38290
-38269
-38260
-38246
-38231
-38231
-38212
-38204
-38199
-38191
-38151
-38148
-38126
-38104
-38102
-38098
-38060
-38020
-38014
-38012
-37962
-37959
-37934
-37922
-37895
-37888
-37865
-37862
-37838
-37826
-37824
-37807
-37766
-37724
-37717
-37712
-37690
-37682
-37657
-37641
-37620
-37590
-37571
-37561
-37515
-37495
-37478
-37445
-37414
-37401
-37381
-37362
-37291
-37256
-37167
-37156
-37144
-37144
-37124
-37123
-37097
-37086
-37075
-37017
-37015
-37001
-36997
-36996
-36975
-36952
-36936
-36898
-36895
-36889
-36875
-36869
-36862
-36831
-36831
-36811
-36808
-36807
-36799
-36797
-36770
-36769
-36769
-36743
-36737
-36685
-36679
-36639
-36626
-36611
-36587
-36586
-36581
-36515
-36479
-36479
-36461
-36418
-36384
-36373
-36362
-36332
-36276
-36241
-36240
-36238
-36181
-36169
-36145
-36135
-36096
-36090
-36086
-36055
-36020
-35990
-35970
-35952
-35947
-35946
-35926
-35923
-35835
-35792
-35792
-35773
-35762
-35761
-35759
-35726
-35724
-35720
-35709
-35688
-35674
-35673
-35668
-35664
-35650
-35647
-35646
-35629
-35584
-35570
-35529
-35521
-35517
-35503
-35498
-35478
-35466
-35447
-35436
-35349
-35307
-35244
-35213
-35210
-35192
-35090
-35037
-34968
-34964
-34825
-34807
-34790
-34768
-34632
-34605
-34604
-34577
-34548
-34539
-34511
-34508
-34493
-34491
-34489
-34482
-34467
-34455
-34431
-34418
-34320
-34316
-34299
-34291
-34253
-34253
-34210
-34192
-34190
-34186
-34179
-34165
-34123
-33989
-33965
-33954
-33919
-33892
-33808
-33802
-33785
-33778
-33764
-33752
-33743
-33742
-33700
-33637
-33637
-33608
-33563
-33545
-33535
-33533
-33531
-33499
-33499
-33453
-33440
-33434
-33416
-33354
-33352
-33290
-33277
-33277
-33269
-33265
-33261
-33253
-33236
-33236
-33207
-33197
-33164
-33097
-33043
-33036
-33017
-33015
-33010
-33004
-33002
-32947
-32926
-32894
-32864
-32862
-32862
-32811
-32786
-32735
-32734
-32687
-32686
-32647
-32640
-32636
-32631
-32627
-32610
-32597
-32582
-32580
-32574
-32573
-32558
-32520
-32511
-32498
-32481
-32451
-32430
-32426
-32423
-32397
-32388
-32382
-32371
-32348
-32315
-32301
-32292
-32283
-32267
-32262
-32262
-32183
-32181
-32175
-32149
-32137
-32087
-32051
-32000
-31951
-31945
-31941
-31932
-31912
-31908
-31907
-31867
-31830
-31829
-31807
-31779
-31778
-31758
-31743
-31730
-31707
-31695
-31687
-31613
-31605
-31580
-31508
-31500
-31462
-31451
-31436
-31434
-31416
-31403
-31358
-31330
-31327
-31318
-31311
-31311
-31304
-31292
-31290
-31275
-31273
-31228
-31206
-31205
-31160
-31137
-31119
-31117
-31093
-31083
-31062
-31026
-30999
-30970
-30952
-30937
-30900
-30898
-30831
-30828
-30808
-30784
-30781
-30777
-30716
-30695
-30621
-30600
-30598
-30596
-30595
-30585
-30580
-30514
-30503
-30480
-30477
-30450
-30444
-30441
-30411
-30389
-30378
-30363
-30346
-30316
-30296
-30281
-30233
-30226
-30207
-30156
-30147
-30100
-30076
-30071
-30065
-30030
-30017
-30010
-29991
-29979
-29955
-29922
-29900
-29882
-29861
-29854
-29852
-29851
-29838
-29833
-29823
-29810
-29809
-29802
-29799
-29778
-29775
-29752
-29748
-29740
-29739
-29726
-29677
-29669
-29632
-29624
-29609
-29606
-29599
-29592
-29585
-29583
-29573
-29542
-29540
-29534
-29515
-29499
-29488
-29481
-29427
-29423
-29401
-29344
-29332
-29319
-29319
-29314
-29294
-29294
-29270
-29258
-29256
-29242
-29226
-29224
-29215
-29211
-29189
-29186
-29157
-29153
-29130
-29116
-29111
-29097
-29056
-29015
-29004
-29000
-28974
-28970
-28965
-28953
-28928
-28887
-28851
-28826
-28801
-28761
-28758
-28744
-28707
-28703
-28700
-28670
-28657
-28651
-28585
-28561
-28545
-28538
-28460
-28450
-28431
-28428
-28422
-28415
-28407
-28400
-28395
-28382
-28370
-28366
-28352
-28335
-28229
-28209
-28204
-28172
-28169
-28091
-28066
-28052
-28048
-28031
-28025
-28019
-28005
-27996
-27989
-27980
-27978
-27961
-27960
-27940
-27931
-27913
-27896
-27868
-27826
-27826
-27807
-27794
-27792
-27780
-27776
-27766
-27759
-27744
-27734
-27696
-27687
-27619
-27593
-27587
-27574
-27556
-27552
-27551
-27532
-27459
-27446
-27422
-27374
-27363
-27363
-27362
-27353
-27350
-27325
-27317
-27303
-27293
-27291
-27286
-27272
-27260
-27220
-27216
-27176
-27130
-27105
-27103
-27097
-27068
-27062
-27045
-27033
-27023
-27018
-26973
-26937
-26927
-26916
-26892
-26862
-26857
-26815
-26811
-26764
-26757
-26746
-26726
-26706
-26700
-26687
-26686
-26682
-26675
-26647
-26645
-26624
-26623
-26619
-26594
-26579
-26554
-26542
-26531
-26514
-26485
-26475
-26454
-26445
-26398
-26368
-26352
-26318
-26303
-26299
-26298
-26291
-26233
-26220
-26220
-26210
-26182
-26150
-26136
-26046
-26026
-26016
-26000
-25993
-25977
-25961
-25936
-25894
-25885
-25883
-25866
-25835
-25830
-25783
-25783
-25765
-25755
-25746
-25730
-25714
-25673
-25666
-25661
-25647
-25618
-25598
-25593
-25582
-25577
-25491
-25470
-25460
-25456
-25380
-25353
-25283
-25242
-25225
-25204
-25203
-25197
-25196
-25159
-25155
-25136
-25135
-25132
-25115
-25110
-25084
-25070
-25049
-25048
-25024
-25002
-24977
-24932
-24892
-24891
-24879
-24874
-24861
-24842
-24838
-24835
-24770
-24767
-24766
-24764
-24753
-24747
-24711
-24708
-24636
-24633
-24611
-24610
-24601
-24585
-24573
-24569
-24562
-24560
-24550
-24480
-24475
-24453
-24427
-24418
-24409
-24388
-24346
-24341
-24308
-24303
-24295
-24245
-24232
-24219
-24199
-24184
-24183
-24177
-24164
-24143
-24143
-24114
-24062
-24012
-24006
-23977
-23939
-23885
-23884
-23878
-23869
-23858
-23835
-23733
-23703
-23687
-23664
-23647
-23640
-23629
-23619
-23610
-23608
-23606
-23602
-23596
-23576
-23540
-23520
-23442
-23435
-23427
-23385
-23379
-23349
-23329
-23311
-23267
-23259
-23239
-23237
-23209
-23202
-23182
-23175
-23165
-23154
-23137
-23136
-23124
-23091
-23066
-23033
-23030
-23011
-22992
-22990
-22967
-22960
-22927
-22918
-22883
-22880
-22865
-22835
-22811
-22792
-22792
-22747
-22734
-22733
-22727
-22699
-22647
-22618
-22594
-22591
-22584
-22578
-22551
-22550
-22527
-22519
-22511
-22508
-22502
-22472
-22460
-22370
-22365
-22321
-22315
-22308
-22287
-22269
-22252
-22182
-22174
-22161
-22153
-22108
-22093
-22091
-22055
-22049
-22048
-22048
-22036
-22017
-22004
-21985
-21974
-21939
-21926
-21925
-21919
-21915
-21912
-21912
-21910
-21886
-21842
-21841
-21809
-21786
-21778
-21769
-21743
-21712
-21703
-21690
-21631
-21609
-21586
-21576
-21520
-21516
-21483
-21408
-21375
-21373
-21323
-21320
-21292
-21287
-21277
-21263
-21241
-21222
-21212
-21206
-21190
-21120
-21081
-21053
-21032
-21030
-21015
-21001
-20965
-20954
-20925
-20881
-20865
-20828
-20777
-20740
-20695
-20691
-20640
-20639
-20629
-20612
-20605
-20595
-20581
-20579
-20529
-20511
-20496
-20460
-20432
-20432
-20415
-20376
-20360
-20350
-20340
-20311
-20245
-20218
-20212
-20185
-20164
-20162
-20135
-20114
-20093
-20089
-20083
-20080
-20065
-20018
-19990
-19977
-19870
-19851
-19849
-19832
-19822
-19821
-19798
-19783
-19779
-19748
-19730
-19722
-19710
-19699
-19682
-19671
-19643
-19642
-19637
-19575
-19566
-19565
-19550
-19538
-19468
-19467
-19464
-19459
-19449
-19444
-19434
-19382
-19375
-19373
-19371
-19362
-19347
-19345
-19337
-19282
-19281
-19272
-19211
-19199
-19187
-19187
-19149
-19149
-19136
-19121
-19091
-19087
-19071
-19037
-19029
-19025
-18999
-18992
-18979
-18973
-18950
-18947
-18915
-18902
-18901
-18892
-18873
-18863
-18849
-18845
-18841
-18840
-18815
-18814
-18800
-18791
-18784
-18740
-18728
-18701
-18696
-18649
-18645
-18600
-18567
-18542
-18500
-18493
-18481
-18456
-18417
-18397
-18390
-18319
-18299
-18293
-18251
-18192
-18182
-18175
-18160
-18155
-18089
-18013
-17970
-17970
-17946
-17928
-17916
-17876
-17782
-17777
-17745
-17743
-17737
-17722
-17712
-17699
-17688
-17684
-17676
-17674
-17670
-17596
-17566
-17532
-17517
-17485
-17465
-17444
-17410
-17391
-17362
-17320
-17294
-17288
-17277
-17269
-17253
-17252
-17186
-17155
-17151
-17107
-17086
-17081
-17069
-17061
-17056
-17030
-16994
-16978
-16958
-16955
-16890
-16888
-16829
-16801
-16784
-16757
-16746
-16740
-16739
-16668
-16665
-16619
-16603
-16564
-16564
-16551
-16541
-16502
-16499
-16494
-16479
-16446
-16435
-16424
-16420
-16402
-16395
-16375
-16360
-16319
-16300
-16297
-16296
-16291
-16289
-16243
-16239
-16211
-16191
-16188
-16184
-16166
-16160
-16145
-16145
-16121
-16104
-16088
-16052
-16050
-16005
-15915
-15823
-15821
-15808
-15796
-15785
-15783
-15781
-15780
-15759
-15725
-15695
-15691
-15686
-15685
-15684
-15684
-15678
-15612
-15600
-15569
-15566
-15452
-15435
-15422
-15404
-15399
-15376
-15338
-15316
-15312
-15295
-15285
-15275
-15222
-15209
-15121
-15072
-14989
-14977
-14968
-14959
-14908
-14878
-14876
-14871
-14865
-14839
-14807
-14792
-14787
-14779
-14702
-14692
-14667
-14643
-14642
-14640
-14633
-14633
-14629
-14613
-14603
-14602
-14544
-14446
-14445
-14399
-14398
-14392
-14379
-14369
-14346
-14320
-14293
-14269
-14135
-14118
-14105
-14103
-14097
-14096
-14082
-14052
-14046
-13980
-13950
-13949
-13929
-13912
-13907
-13900
-13898
-13816
-13792
-13713
-13707
-13702
-13692
-13681
-13677
-13658
-13602
-13540
-13539
-13534
-13507
-13491
-13483
-13458
-13448
-13444
-13403
-13402
-13395
-13392
-13373
-13337
-13310
-13280
-13264
-13258
-13245
-13226
-13223
-13201
-13186
-13182
-13155
-13142
-13119
-13092
-13045
-13039
-13014
-13007
-13000
-12972
-12965
-12960
-12945
-12940
-12853
-12846
-12844
-12830
-12777
-12776
-12774
-12757
-12755
-12701
-12692
-12692
-12663
-12630
-12599
-12598
-12567
-12538
-12515
-12494
-12488
-12476
-12445
-12438
-12419
-12405
-12392
-12374
-12371
-12364
-12323
-12287
-12237
-12209
-12184
-12170
-12142
-12109
-12069
-12066
-12040
-12032
-12024
-12001
-12000
-11998
-11988
-11978
-11976
-11976
-11970
-11969
-11964
-11953
-11921
-11912
-11904
-11883
-11844
-11830
-11823
-11814
-11792
-11737
-11703
-11698
-11697
-11673
-11670
-11654
-11647
-11631
-11602
-11599
-11583
-11580
-11544
-11523
-11520
-11509
-11507
-11501
-11471
-11471
-11431
-11423
-11414
-11404
-11295
-11277
-11261
-11260
-11251
-11244
-11211
-11080
-11073
-11071
-11052
-11052
-11038
-11038
-11018
-11018
-11015
-10959
-10943
-10880
-10870
-10839
-10821
-10810
-10806
-10775
-10759
-10745
-10712
-10697
-10689
-10681
-10641
-10608
-10571
-10560
-10557
-10538
-10528
-10443
-10437
-10429
-10419
-10387
-10376
-10319
-10314
-10296
-10289
-10284
-10279
-10241
-10226
-10188
-10183
-10126
-10123
-10115
-10067
-10049
-10027
-9967
-9954
-9943
-9840
-9805
-9770
-9770
-9747
-9745
-9743
-9731
-9711
-9679
-9669
-9663
-9649
-9622
-9584
-9571
-9551
-9540
-9515
-9511
-9506
-9480
-9451
-9447
-9437
-9402
-9340
-9328
-9317
-9313
-9312
-9259
-9257
-9163
-9146
-9138
-9131
-9129
-9124
-9114
-9102
-9080
-9060
-9041
-9038
-9036
-9001
-8983
-8979
-8977
-8974
-8967
-8964
-8961
-8946
-8893
-8868
-8868
-8831
-8830
-8827
-8807
-8751
-8737
-8718
-8676
-8676
-8646
-8633
-8614
-8527
-8483
-8474
-8445
-8422
-8412
-8389
-8381
-8376
-8367
-8349
-8347
-8328
-8324
-8320
-8299
-8296
-8286
-8224
-8220
-8196
-8169
-8148
-8138
-8113
-8034
-8003
-7984
-7982
-7975
-7972
-7946
-7935
-7922
-7919
-7911
-7857
-7816
-7811
-7778
-7723
-7702
-7685
-7672
-7653
-7636
-7627
-7615
-7610
-7600
-7579
-7561
-7549
-7542
-7535
-7504
-7367
-7348
-7345
-7318
-7278
-7270
-7240
-7234
-7231
-7228
-7217
-7211
-7155
-7148
-7130
-7124
-7119
-7117
-7080
-7077
-7065
-6982
-6981
-6970
-6966
-6942
-6939
-6823
-6722
-6685
-6667
-6653
-6639
-6627
-6605
-6602
-6588
-6582
-6565
-6557
-6545
-6533
-6527
-6494
-6480
-6477
-6459
-6452
-6443
-6432
-6422
-6398
-6378
-6345
-6326
-6312
-6284
-6281
-6274
-6258
-6202
-6141
-6099
-6092
-6084
-6082
-6033
-6022
-5999
-5950
-5950
-5886
-5875
-5816
-5815
-5805
-5787
-5778
-5766
-5763
-5754
-5746
-5709
-5689
-5679
-5672
-5643
-5614
-5608
-5602
-5570
-5566
-5542
-5521
-5519
-5517
-5502
-5462
-5458
-5436
-5427
-5410
-5396
-5393
-5392
-5390
-5374
-5323
-5322
-5318
-5259
-5248
-5239
-5215
-5192
-5160
-5118
-5114
-5081
-5016
-5006
-4991
-4989
-4986
-4977
-4906
-4862
-4859
-4842
-4808
-4775
-4763
-4762
-4753
-4746
-4721
-4718
-4715
-4705
-4691
-4687
-4677
-4643
-4627
-4608
-4600
-4590
-4550
-4537
-4529
-4521
-4490
-4484
-4462
-4442
-4442
-4421
-4412
-4410
-4379
-4342
-4196
-4150
-4141
-4140
-4129
-4126
-4063
-4056
-4016
-4012
-4009
-4006
-4003
-4001
-3994
-3952
-3901
-3888
-3878
-3852
-3845
-3841
-3825
-3771
-3735
-3732
-3728
-3725
-3719
-3681
-3675
-3544
-3543
-3520
-3515
-3502
-3481
-3464
-3462
-3461
-3427
-3375
-3367
-3331
-3319
-3318
-3313
-3250
-3230
-3216
-3143
-3139
-3115
-3059
-3039
-2997
-2994
-2988
-2940
-2936
-2929
-2929
-2925
-2907
-2886
-2880
-2831
-2819
-2776
-2763
-2758
-2724
-2708
-2707
-2680
-2640
-2639
-2627
-2617
-2607
-2603
-2597
-2587
-2581
-2571
-2556
-2525
-2512
-2495
-2494
-2488
-2466
-2466
-2460
-2453
-2439
-2437
-2399
-2398
-2368
-2310
-2246
-2233
-2231
-2225
-2197
-2165
-2128
-2068
-2048
-2036
-2028
-2008
-1997
-1989
-1946
-1936
-1933
-1900
-1875
-1874
-1859
-1791
-1786
-1776
-1775
-1766
-1760
-1747
-1710
-1696
-1634
-1621
-1616
-1609
-1593
-1553
-1539
-1489
-1488
-1409
-1393
-1369
-1361
-1340
-1328
-1280
-1274
-1272
-1230
-1221
-1221
-1209
-1192
-1189
-1186
-1138
-1126
-1117
-1068
-1060
-1057
-1057
-1025
-991
-983
-967
-942
-899
-894
-865
-787
-773
-764
-758
-746
-708
-700
-694
-678
-642
-618
-615
-577
-558
-551
-493
-474
-468
-463
-410
-398
-379
-378
-368
-358
-297
-263
-256
-244
-240
-238
-201
-193
-188
-124
-114
-111
-94
-88
-78
-61
-51
-46
-6
22
76
97
136
139
155
158
216
243
247
266
293
334
407
411
431
434
465
495
503
521
560
598
603
634
665
676
678
689
703
733
749
798
925
932
937
950
963
969
976
1031
1036
1044
1099
1126
1141
1192
1194
1202
1215
1217
1261
1280
1288
1300
1316
1349
1367
1370
1382
1383
1385
1410
1421
1445
1454
1470
1561
1565
1594
1603
1647
1651
1664
1675
1689
1721
1724
1732
1738
1778
1798
1835
1838
1840
1847
1881
1925
1964
1964
2015
2031
2037
2069
2082
2095
2137
2149
2176
2191
2197
2206
2208
2208
2235
2238
2277
2295
2301
2337
2347
2367
2380
2393
2405
2441
2469
2489
2539
2574
2583
2656
2660
2712
2724
2746
2750
2779
2817
2818
2834
2849
2893
2898
2962
2966
2998
2999
3016
3038
3051
3060
3077
3080
3112
3113
3114
3118
3173
3193
3197
3201
3202
3210
3228
3229
3232
3241
3250
3254
3302
3303
3311
3319
3319
3323
3345
3359
3362
3399
3418
3432
3456
3468
3480
3486
3489
3533
3545
3618
3621
3626
3635
3685
3706
3716
3756
3764
3793
3842
3869
3917
3931
3937
3963
3982
3994
3996
4017
4019
4050
4068
4079
4158
4162
4227
4329
4343
4378
4404
4478
4482
4507
4516
4521
4533
4540
4545
4558
4632
4672
4684
4688
4702
4704
4754
4776
4829
4840
4841
4847
4869
4869
4900
4901
4916
4945
4956
4960
4961
4989
4991
5001
5029
5046
5059
5070
5087
5098
5178
5219
5235
5295
5315
5315
5319
5334
5374
5378
5410
5412
5453
5454
5482
5520
5522
5529
5554
5603
5649
5669
5674
5703
5703
5769
5785
5788
5832
5843
5848
5871
5882
5897
5918
5933
5972
5999
6009
6035
6068
6086
6086
6216
6236
6258
6290
6295
6297
6305
6316
6335
6339
6341
6360
6363
6380
6414
6423
6460
6477
6480
6524
6566
6580
6660
6688
6738
6789
6812
6814
6842
6851
6862
6883
6896
6920
6922
6931
6995
7029
7030
7053
7061
7073
7113
7168
7204
7219
7237
7244
7261
7263
7329
7358
7359
7375
7410
7429
7432
7444
7456
7472
7547
7550
7578
7604
7610
7628
7658
7674
7699
7702
7719
7728
7734
7749
7781
7788
7791
7817
7822
7839
7845
7866
7907
7927
8075
8080
8100
8144
8147
8147
8161
8170
8182
8247
8248
8259
8265
8310
8322
8336
8343
8347
8348
8393
8398
8552
8607
8608
8664
8670
8685
8694
8701
8732
8763
8772
8799
8828
8833
8869
8879
8882
8898
8919
8970
8981
9018
9047
9070
9073
9102
9122
9181
9198
9221
9222
9255
9331
9370
9374
9392
9411
9412
9416
9423
9423
9449
9458
9539
9549
9550
9559
9564
9588
9600
9606
9632
9638
9654
9669
9706
9788
9788
9793
9849
9884
9884
9922
9926
9943
10016
10019
10063
10069
10076
10078
10113
10122
10134
10141
10158
10176
10199
10243
10250
10257
10297
10298
10299
10306
10326
10333
10342
10360
10370
10433
10449
10482
10534
10543
10549
10556
10602
10616
10639
10727
10747
10748
10776
10810
10812
10824
10845
10851
10869
10870
10870
10894
10917
10971
11003
11008
11009
11013
11023
11064
11081
11117
11125
11135
11176
11179
11209
11209
11224
11230
11250
11250
11269
11327
11337
11361
11368
11390
11433
11489
11503
11519
11571
11576
11621
11622
11639
11660
11684
11691
11694
11721
11730
11736
11737
11769
11786
11816
11821
11841
11844
11867
11868
11875
11906
11912
11914
11941
11963
12009
12046
12056
12057
12062
12084
12089
12094
12121
12121
12128
12145
12158
12169
12184
12234
12239
12260
12264
12275
12280
12284
12290
12313
12320
12331
12334
12350
12353
12358
12396
12439
12444
12469
12471
12473
12479
12488
12497
12524
12553
12572
12574
12579
12610
12628
12679
12734
12739
12762
12768
12773
12783
12783
12791
12821
12843
12875
12906
12915
12928
12934
12937
13041
13058
13071
13090
13099
13101
13148
13161
13188
13195
13210
13229
13237
13325
13349
13350
13358
13396
13453
13476
13479
13507
13547
13547
13565
13580
13600
13625
13633
13648
13691
13748
13749
13780
13794
13815
13818
13838
13861
13883
13890
13893
13895
13942
13949
13965
14002
14032
14037
14039
14072
14103
14119
14270
14296
14338
14360
14393
14414
14435
14444
14451
14466
14479
14503
14514
14524
14526
14539
14567
14580
14632
14632
14689
14708
14736
14794
14802
14803
14816
14857
14858
14859
14862
14881
14923
14931
14949
14957
14970
14977
14988
14990
15011
15040
15044
15052
15061
15080
15103
15109
15125
15221
15225
15245
15289
15304
15337
15345
15362
15362
15434
15438
15457
15465
15492
15508
15584
15631
15635
15638
15690
15709
15741
15754
15761
15771
15795
15815
15833
15833
15846
15867
15902
15903
15929
15952
15952
15974
15990
15999
16003
16042
16053
16061
16143
16152
16154
16157
16185
16209
16296
16296
16300
16305
16317
16321
16332
16344
16371
16388
16393
16395
16396
16399
16428
16433
16498
16499
16501
16514
16555
16589
16625
16691
16706
16728
16738
16771
16782
16801
16813
16874
16941
16946
16984
16991
16998
16999
17033
17038
17045
17053
17061
17148
17149
17156
17202
17228
17268
17280
17285
17293
17303
17314
17323
17347
17347
17367
17381
17398
17556
17570
17595
17676
17679
17686
17715
17746
17755
17792
17801
17824
17830
17839
17886
17889
17897
17897
17917
17922
17970
17996
18038
18051
18061
18092
18094
18115
18118
18123
18139
18145
18161
18164
18194
18202
18218
18221
18263
18292
18302
18321
18367
18394
18395
18409
18417
18437
18442
18444
18473
18476
18481
18487
18515
18532
18535
18625
18629
18630
18643
18658
18707
18726
18733
18783
18790
18815
18828
18841
18894
18897
18964
19005
19007
19010
19010
19013
19018
19027
19087
19109
19111
19118
19129
19136
19143
19149
19183
19252
19253
19257
19272
19284
19293
19319
19334
19335
19336
19341
19375
19380
19380
19400
19429
19430
19445
19451
19479
19481
19481
19493
19504
19506
19520
19548
19550
19575
19610
19627
19637
19648
19675
19708
19716
19734
19765
19766
19776
19786
19825
19825
19847
19861
19869
19929
19953
19973
19998
20029
20060
20075
20077
20080
20105
20106
20131
20136
20168
20197
20220
20232
20245
20255
20265
20274
20293
20318
20328
20361
20385
20430
20479
20501
20574
20587
20613
20620
20646
20647
20652
20665
20698
20703
20715
20725
20763
20767
20775
20801
20834
20850
20904
20904
20934
20934
20941
20948
20951
20965
20991
20993
21004
21004
21044
21062
21097
21130
21149
21204
21214
21218
21312
21322
21359
21452
21477
21480
21489
21490
21495
21514
21529
21553
21568
21613
21616
21619
21619
21622
21646
21649
21655
21671
21729
21736
21738
21751
21802
21802
21832
21838
21903
21912
21947
21981
21993
22001
22003
22019
22031
22039
22062
22064
22066
22083
22086
22137
22163
22168
22198
22226
22234
22240
22269
22271
22283
22352
22365
22368
22400
22406
22411
22460
22472
22518
22536
22550
22556
22600
22620
22629
22662
22713
22741
22765
22765
22770
22800
22802
22809
22852
22874
22885
22903
22910
22933
22943
22955
22956
22960
22966
22975
23026
23029
23041
23069
23087
23130
23143
23176
23245
23248
23249
23291
23294
23296
23307
23361
23389
23390
23417
23426
23429
23448
23455
23466
23473
23539
23600
23602
23616
23656
23669
23677
23686
23700
23719
23736
23762
23765
23799
23805
23811
23833
23835
23837
23844
23858
23859
23865
23872
23879
23886
23916
23996
24030
24031
24039
24059
24066
24085
24103
24127
24217
24238
24288
24319
24336
24337
24347
24354
24365
24428
24442
24448
24452
24454
24478
24501
24502
24562
24601
24608
24612
24615
24630
24648
24680
24703
24711
24711
24713
24724
24726
24737
24737
24740
24778
24792
24794
24805
24814
24905
24908
24914
24922
24944
24988
24993
25003
25022
25031
25039
25057
25062
25088
25101
25102
25104
25104
25122
25140
25145
25154
25198
25226
25243
25264
25324
25334
25385
25387
25389
25480
25480
25483
25492
25531
25541
25550
25603
25636
25671
25687
25697
25713
25715
25730
25739
25760
25760
25768
25771
25785
25843
25877
25888
25935
25944
25973
25973
25983
26000
26011
26025
26051
26056
26069
26133
26146
26152
26153
26158
26161
26174
26182
26215
26268
26271
26281
26289
26299
26322
26347
26352
26362
26372
26385
26387
26410
26412
26423
26431
26479
26486
26492
26506
26530
26557
26619
26623
26637
26641
26656
26665
26666
26668
26680
26684
26687
26698
26705
26764
26798
26799
26811
26820
26823
26850
26943
26994
26996
26997
27044
27046
27048
27054
27066
27098
27113
27126
27140
27179
27187
27192
27198
27212
27219
27224
27243
27261
27286
27301
27322
27357
27370
27383
27390
27435
27462
27526
27529
27553
27556
27596
27607
27650
27662
27665
27666
27680
27694
27730
27768
27789
27796
27831
27841
27843
27853
27866
27896
27902
27902
27917
27936
27955
27999
28006
28006
28016
28045
28071
28099
28118
28266
28275
28276
28277
28292
28314
28338
28371
28373
28383
28411
28435
28445
28478
28493
28495
28518
28542
28555
28564
28625
28637
28654
28657
28684
28724
28754
28781
28790
28805
28810
28814
28818
28864
28867
28903
28907
28921
28925
28931
28948
28965
28976
28984
29018
29073
29079
29080
29100
29107
29116
29131
29142
29147
29156
29157
29163
29190
29192
29220
29227
29240
29266
29280
29297
29329
29353
29362
29408
29411
29412
29415
29434
29452
29493
29500
29529
29550
29607
29615
29617
29661
29699
29721
29724
29750
29755
29820
29838
29855
29880
29892
29906
29919
29928
29933
29969
29999
30023
30037
30040
30080
30095
30105
30134
30153
30155
30160
30183
30196
30203
30218
30246
30253
30254
30268
30270
30354
30357
30407
30479
30482
30525
30556
30558
30590
30615
30626
30655
30660
30688
30696
30734
30738
30748
30765
30774
30781
30798
30803
30832
30834
30896
30906
30949
31033
31038
31048
31050
31106
31114
31116
31140
31143
31155
31157
31164
31203
31221
31246
31257
31260
31296
31311
31345
31394
31395
31405
31416
31429
31429
31441
31460
31482
31497
31498
31553
31558
31558
31559
31562
31590
31600
31606
31628
31634
31642
31679
31681
31689
31739
31740
31777
31793
31842
31860
31908
31928
31975
31978
32017
32035
32061
32064
32076
32147
32154
32172
32176
32210
32226
32287
32301
32315
32348
32357
32370
32372
32388
32392
32413
32417
32455
32461
32462
32475
32478
32504
32531
32550
32579
32584
32618
32632
32642
32651
32652
32671
32675
32690
32720
32734
32752
32752
32760
32779
32780
32781
32786
32806
32828
32856
32859
32873
32905
32918
32919
32923
33097
33102
33104
33171
33194
33196
33285
33339
33360
33371
33376
33406
33432
33455
33458
33465
33468
33553
33594
33608
33615
33629
33632
33643
33657
33712
33731
33770
33780
33843
33858
33866
33904
33918
33957
33975
33992
34026
34040
34084
34114
34132
34152
34177
34181
34192
34198
34222
34240
34254
34281
34283
34293
34329
34357
34359
34360
34379
34394
34397
34465
34466
34481
34483
34488
34507
34522
34532
34551
34597
34598
34615
34626
34674
34676
34692
34711
34741
34745
34759
34759
34787
34813
34818
34856
34864
34888
34924
34927
34947
34970
34993
34997
35003
35006
35054
35060
35096
35138
35205
35218
35247
35258
35289
35321
35334
35334
35341
35346
35358
35382
35433
35459
35480
35609
35613
35640
35708
35739
35754
35764
35777
35780
35801
35809
35830
35838
35864
35879
35884
35920
35922
35951
35977
36034
36035
36088
36099
36106
36128
36132
36150
36159
36164
36167
36209
36233
36309
36360
36396
36402
36413
36450
36470
36483
36485
36488
36506
36520
36533
36565
36570
36599
36626
36630
36680
36688
36704
36731
36790
36807
36878
36892
36973
36984
36991
36992
37007
37034
37037
37082
37100
37104
37116
37133
37172
37185
37208
37216
37219
37231
37247
37273
37278
37281
37311
37347
37422
37428
37443
37445
37471
37487
37533
37565
37577
37639
37640
37672
37710
37753
37753
37791
37809
37818
37875
37905
37932
37940
37947
37947
37958
37985
37988
38038
38040
38047
38121
38136
38137
38165
38168
38177
38187
38191
38203
38239
38262
38265
38316
38323
38340
38342
38352
38383
38387
38420
38427
38437
38496
38518
38584
38609
38613
38688
38695
38703
38727
38763
38786
38786
38798
38802
38822
38866
38906
38924
38973
39003
39004
39026
39069
39077
39092
39093
39113
39137
39161
39194
39233
39245
39278
39290
39328
39380
39386
39437
39447
39505
39524
39559
39562
39568
39578
39602
39631
39641
39667
39677
39684
39730
39740
39748
39770
39786
39794
39825
39854
39857
39897
39897
39905
39912
40021
40093
40105
40114
40139
40160
40170
40172
40179
40188
40216
40232
40331
40332
40336
40349
40355
40369
40384
40390
40399
40431
40457
40462
40493
40530
40544
40559
40567
40591
40612
40633
40640
40687
40700
40706
40749
40789
40816
40820
40827
40834
40876
40899
40909
40923
40950
41020
41050
41082
41098
41111
41114
41115
41124
41135
41183
41203
41226
41253
41269
41346
41349
41373
41376
41378
41386
41389
41448
41481
41498
41519
41573
41602
41626
41650
41662
41681
41718
41733
41737
41754
41764
41805
41839
41839
41851
41862
41898
41908
41947
41951
41962
41997
42021
42074
42084
42188
42226
42231
42239
42263
42264
42318
42323
42351
42408
42414
42416
42454
42459
42482
42494
42535
42559
42572
42600
42603
42635
42660
42675
42689
42695
42704
42710
42754
42830
42838
42843
42856
42868
42905
42909
42930
42962
42991
43017
43017
43030
43037
43067
43079
43089
43100
43100
43118
43157
43158
43199
43214
43251
43268
43272
43308
43316
43385
43386
43405
43472
43500
43554
43599
43612
43613
43656
43719
43775
43784
43792
43843
43882
43944
43988
43995
44011
44023
44034
44042
44049
44075
44078
44109
44126
44138
44149
44152
44163
44173
44185
44198
44218
44223
44255
44261
44266
44281
44297
44301
44359
44402
44423
44516
44529
44552
44580
44595
44603
44607
44617
44619
44622
44625
44679
44690
44758
44768
44769
44787
44804
44815
44915
44919
44939
44940
45020
45071
45076
45076
45096
45113
45115
45118
45150
45160
45167
45174
45182
45203
45205
45225
45226
45234
45245
45251
45312
45321
45332
45383
45412
45415
45425
45437
45459
45471
45480
45481
45499
45522
45527
45569
45594
45596
45620
45620
45623
45625
45635
45641
45643
45677
45702
45710
45759
45777
45785
45789
45792
45801
45806
45828
45845
45869
45883
45920
45921
45932
45942
45956
45975
45992
46007
46021
46052
46078
46086
46089
46111
46113
46142
46158
46177
46182
46197
46230
46237
46282
46320
46326
46331
46336
46350
46356
46357
46361
46382
46384
46401
46402
46404
46418
46475
46479
46506
46509
46510
46524
46546
46549
46571
46584
46587
46588
46624
46684
46731
46736
46772
46784
46849
46850
46858
46872
46925
46939
46942
46962
46988
47025
47076
47103
47182
47232
47278
47333
47378
47411
47430
47467
47486
47497
47508
47521
47526
47598
47598
47637
47641
47659
47669
47712
47757
47763
47764
47814
47816
47821
47821
47866
47888
47890
47954
47956
47965
48015
48026
48050
48077
48097
48110
48122
48149
48151
48157
48166
48167
48191
48211
48211
48237
48296
48305
48312
48367
48381
48389
48509
48528
48538
48545
48560
48563
48571
48576
48591
48607
48642
48642
48659
48680
48728
48763
48779
48798
48848
48867
48870
48903
48913
48922
48939
48960
48979
48993
48994
49004
49027
49030
49056
49062
49066
49086
49115
49130
49190
49252
49253
49281
49285
49289
49293
49294
49390
49391
49395
49533
49536
49555
49566
49584
49585
49600
49616
49617
49627
49664
49698
49703
49711
49739
49742
49768
49794
49819
49859
49907
49977
50032
50044
50063
50079
50099
50100
50119
50179
50226
50241
50252
50254
50273
50314
50323
50335
50356
50405
50408
50409
50418
50464
50475
50498
50499
50639
50654
50661
50670
50711
50723
50748
50750
50756
50758
50783
50810
50825
50837
50844
50848
50906
50917
50999
51006
51047
51074
51076
51099
51164
51185
51202
51218
51262
51263
51268
51281
51297
51301
51414
51429
51443
51451
51453
51504
51547
51568
51573
51640
51681
51694
51707
51719
51719
51720
51725
51755
51770
51777
51798
51805
51822
51830
51847
51859
51904
51905
51910
51911
51925
51986
51988
52003
52003
52025
52090
52107
52134
52154
52163
52198
52210
52227
52228
52230
52250
52252
52270
52283
52286
52291
52307
52321
52363
52373
52391
52402
52417
52441
52478
52516
52527
52564
52586
52586
52597
52643
52643
52659
52670
52685
52713
52743
52752
52757
52766
52789
52797
52798
52816
52928
52935
52966
52969
53094
53103
53189
53203
53208
53242
53255
53275
53311
53320
53346
53368
53383
53398
53398
53414
53425
53433
53453
53490
53491
53510
53513
53539
53559
53588
53597
53603
53612
53632
53677
53680
53697
53727
53759
53786
53839
53842
53859
53890
53912
53934
54018
54023
54049
54051
54101
54148
54153
54156
54196
54201
54205
54249
54259
54261
54274
54298
54360
54382
54398
54449
54476
54498
54522
54524
54532
54541
54600
54624
54635
54674
54694
54697
54728
54750
54759
54764
54873
54879
54907
54917
54924
54958
54971
55013
55041
55048
55082
55087
55094
55112
55183
55190
55194
55212
55240
55249
55255
55322
55379
55410
55415
55464
55494
55494
55508
55518
55519
55531
55535
55586
55588
55626
55648
55682
55685
55698
55719
55800
55801
55830
55908
55935
55966
55978
55982
56028
56031
56037
56044
56049
56073
56083
56086
56101
56104
56106
56191
56227
56258
56278
56288
56299
56328
56413
56426
56448
56449
56451
56492
56519
56551
56562
56572
56635
56637
56692
56702
56709
56743
56826
56832
56840
56853
56862
56876
56908
56918
56919
56931
56932
56951
56964
57027
57045
57080
57083
57124
57140
57150
57154
57167
57175
57215
57228
57237
57248
57273
57274
57303
57325
57335
57349
57351
57355
57360
57366
57437
57472
57476
57477
57499
57544
57604
57651
57667
57692
57712
57732
57764
57771
57786
57795
57801
57806
57839
57871
57905
57906
57923
57924
57929
57937
57955
57964
57982
57993
58007
58011
58028
58034
58063
58067
58167
58198
58238
58241
58286
58301
58315
58320
58363
58418
58453
58464
58480
58503
58522
58522
58539
58559
58573
58573
58575
58585
58592
58625
58644
58703
58726
58762
58861
58871
58898
58919
58928
58941
58949
58958
58990
59003
59032
59063
59068
59091
59104
59110
59119
59122
59196
59206
59241
59250
59264
59265
59267
59268
59269
59282
59300
59320
59330
59358
59366
59371
59383
59405
59434
59450
59460
59470
59493
59526
59533
59539
59576
59607
59608
59608
59624
59638
59652
59655
59683
59686
59724
59756
59767
59774
59778
59806
59882
59898
59950
59958
59960
59970
60102
60102
60103
60117
60146
60152
60152
60161
60169
60184
60191
60204
60238
60274
60287
60300
60303
60304
60305
60359
60359
60382
60384
60408
60497
60500
60510
60529
60542
60553
60577
60579
60625
60639
60676
60706
60719
60746
60755
60763
60769
60779
60903
60908
60912
60948
60958
60986
61017
61020
61024
61026
61062
61068
61069
61134
61149
61156
61189
61194
61253
61253
61264
61268
61323
61343
61365
61374
61389
61392
61422
61428
61458
61468
61476
61484
61486
61499
61516
61528
61555
61556
61569
61579
61579
61581
61596
61611
61616
61626
61643
61657
61671
61672
61705
61736
61748
61750
61765
61779
61791
61812
61827
61846
61848
61862
61874
61876
61914
61917
61920
61930
61945
61956
61992
62013
62069
62092
62112
62119
62130
62134
62141
62149
62166
62212
62223
62239
62281
62323
62333
62398
62407
62490
62505
62555
62555
62559
62561
62563
62567
62585
62598
62640
62647
62686
62721
62731
62750
62751
62788
62855
62865
62865
62872
62885
62886
62932
62955
63003
63015
63019
63062
63103
63109
63122
63155
63189
63274
63280
63297
63300
63326
63336
63376
63398
63409
63418
63435
63465
63502
63507
63569
63569
63572
63584
63602
63661
63682
63695
63703
63707
63737
63794
63796
63815
63889
63920
63956
64010
64049
64075
64076
64098
64128
64163
64207
64227
64306
64308
64311
64317
64345
64383
64402
64411
64416
64462
64470
64492
64527
64577
64591
64593
64599
64600
64606
64649
64651
64655
64675
64695
64700
64714
64751
64759
64774
64791
64807
64825
64842
64843
64858
64884
64885
64963
64965
64972
65017
65021
65067
65077
65100
65119
65129
65140
65152
65155
65170
65186
65222
65224
65235
65246
65253
65281
65310
65325
65360
65369
65400
65404
65431
65433
65467
65476
65487
65499
65515
65546
65558
65559
65629
65648
65654
65667
65668
65670
65702
65751
65764
65769
65785
65790
65799
65817
65830
65843
65846
65877
65877
65886
65893
65894
65902
65915
65915
65925
65926
65941
65944
65996
66005
66009
66037
66059
66064
66105
66115
66123
66134
66201
66209
66243
66251
66256
66265
66270
66277
66301
66322
66329
66342
66420
66448
66480
66485
66536
66556
66605
66606
66610
66612
66619
66636
66664
66672
66707
66710
66733
66770
66778
66783
66833
66836
66878
66902
66920
66931
66942
66946
66979
66988
66992
67018
67031
67054
67073
67122
67148
67158
67168
67183
67187
67205
67205
67230
67293
67363
67364
67377
67382
67384
67419
67425
67437
67458
67480
67556
67556
67561
67587
67598
67620
67633
67723
67730
67809
67839
67891
67903
67917
67922
67934
67982
67983
67990
68007
68045
68049
68066
68076
68092
68105
68122
68145
68148
68167
68170
68172
68186
68252
68252
68255
68335
68344
68344
68468
68474
68490
68516
68532
68545
68575
68583
68593
68602
68634
68717
68780
68812
68824
68878
68880
68887
68914
68937
68937
68962
68971
68996
69020
69036
69058
69160
69163
69164
69171
69175
69183
69214
69235
69282
69291
69306
69350
69375
69406
69424
69452
69489
69528
69543
69544
69557
69570
69577
69578
69583
69620
69623
69707
69750
69753
69757
69773
69781
69799
69815
69825
69874
69900
69902
69914
69927
69979
69996
69997
70011
70049
70055
70074
70116
70120
70121
70187
70201
70241
70248
70249
70258
70325
70330
70407
70414
70415
70440
70466
70505
70548
70557
70563
70568
70570
70572
70574
70611
70642
70646
70652
70653
70662
70665
70685
70702
70734
70801
70861
70906
70914
70938
71022
71024
71039
71050
71075
71084
71126
71132
71156
71184
71199
71202
71247
71252
71267
71274
71319
71328
71333
71337
71348
71375
71382
71408
71466
71469
71474
71521
71561
71584
71614
71732
71749
71762
71805
71826
71861
71882
71888
71929
71938
71942
71959
71972
71975
71999
72114
72118
72173
72198
72205
72252
72288
72321
72326
72376
72380
72383
72417
72430
72463
72487
72488
72529
72580
72596
72616
72629
72632
72649
72650
72670
72689
72727
72752
72753
72758
72779
72802
72806
72852
72864
72893
72917
72936
72969
73009
73051
73070
73167
73173
73214
73240
73245
73251
73270
73271
73290
73317
73354
73411
73419
73421
73430
73458
73486
73495
73497
73504
73541
73549
73552
73558
73561
73579
73583
73586
73614
73624
73659
73679
73731
73749
73755
73792
73797
73798
73800
73802
73858
73863
73879
73882
73887
73902
73936
73939
73949
73966
73974
73975
73980
74004
74041
74056
74062
74079
74093
74198
74203
74216
74278
74314
74368
74392
74405
74445
74455
74463
74469
74502
74520
74529
74544
74552
74556
74638
74639
74675
74709
74718
74758
74795
74807
74819
74848
74870
74880
74904
74924
74964
74970
74985
75016
75016
75023
75027
75032
75046
75078
75103
75111
75115
75138
75179
75230
75248
75281
75289
75292
75301
75312
75383
75423
75438
75462
75485
75517
75546
75602
75671
75677
75677
75691
75716
75737
75789
75825
75826
75859
75871
75874
75902
75916
75947
75949
75977
76026
76033
76035
76058
76070
76118
76136
76225
76246
76252
76259
76268
76289
76304
76316
76348
76352
76363
76395
76402
76422
76441
76455
76497
76500
76513
76516
76516
76520
76533
76555
76557
76559
76572
76599
76627
76654
76680
76738
76738
76738
76748
76753
76760
76772
76778
76814
76835
76859
76899
76899
76909
76948
76949
76964
76967
76975
76999
77003
77004
77015
77085
77131
77133
77165
77166
77206
77207
77213
77221
77233
77254
77255
77264
77292
77294
77328
77368
77380
77438
77442
77462
77470
77478
77497
77512
77542
77562
77571
77587
77595
77607
77608
77621
77705
77709
77791
77814
77815
77842
77862
77874
77920
77938
77938
77957
77999
78007
78071
78074
78080
78152
78165
78195
78197
78202
78208
78208
78231
78232
78238
78244
78251
78254
78316
78320
78320
78366
78382
78417
78426
78474
78493
78503
78586
78606
78613
78642
78655
78745
78767
78768
78804
78820
78836
78855
78860
78940
78956
78994
79000
79012
79062
79083
79084
79108
79122
79186
79190
79212
79230
79242
79257
79268
79269
79274
79276
79277
79303
79329
79348
79375
79392
79414
79417
79422
79450
79492
79540
79541
79545
79560
79603
79628
79661
79689
79705
79706
79724
79762
79762
79777
79797
79838
79858
79860
79901
79906
79958
79966
80012
80036
80047
80051
80067
80073
80171
80190
80195
80255
80261
80279
80289
80334
80334
80359
80388
80392
80419
80435
80449
80460
80470
80481
80541
80590
80595
80595
80650
80696
80761
80804
80808
80812
80816
80852
80978
80978
81002
81072
81115
81162
81195
81218
81223
81237
81238
81252
81255
81257
81261
81276
81278
81279
81315
81320
81357
81377
81407
81410
81448
81460
81474
81497
81579
81592
81656
81662
81664
81681
81684
81730
81746
81783
81793
81812
81816
81852
81857
81872
81872
81878
81880
81898
81918
81921
81921
81954
82048
82064
82070
82087
82100
82116
82164
82202
82205
82219
82257
82294
82308
82313
82315
82325
82345
82349
82358
82360
82421
82429
82437
82453
82484
82491
82501
82545
82577
82627
82635
82711
82754
82755
82756
82757
82785
82792
82875
82900
82922
82964
82979
82991
83023
83032
83034
83035
83038
83038
83050
83052
83071
83076
83080
83109
83200
83312
83315
83317
83327
83342
83349
83355
83379
83385
83407
83412
83437
83448
83472
83474
83474
83525
83550
83619
83683
83692
83711
83712
83762
83784
83816
83843
83857
83870
83882
83908
83918
83924
84009
84041
84051
84068
84109
84110
84119
84121
84124
84173
84182
84210
84212
84233
84289
84299
84314
84316
84319
84331
84344
84400
84434
84513
84541
84550
84551
84571
84624
84656
84661
84664
84665
84693
84757
84765
84785
84787
84807
84811
84821
84822
84825
84837
84842
84879
84898
84916
84946
84999
85029
85042
85074
85092
85111
85131
85141
85173
85173
85210
85220
85234
85240
85261
85267
85281
85320
85348
85351
85378
85380
85392
85434
85470
85476
85499
85590
85630
85637
85692
85699
85702
85734
85777
85790
85793
85839
85865
85894
85906
85969
85991
86002
86013
86025
86036
86041
86042
86047
86056
86078
86107
86110
86112
86133
86138
86176
86190
86242
86257
86261
86270
86282
86283
86285
86317
86337
86343
86346
86346
86363
86370
86392
86401
86409
86462
86469
86492
86495
86501
86520
86559
86589
86688
86696
86704
86706
86708
86778
86784
86844
86844
86881
86882
86887
86911
86914
86921
86939
86940
86968
86975
86984
86992
87026
87031
87051
87053
87070
87080
87129
87140
87185
87188
87205
87291
87318
87328
87346
87352
87354
87371
87397
87419
87424
87442
87476
87488
87490
87558
87563
87641
87651
87657
87659
87674
87687
87712
87743
87766
87778
87796
87812
87847
87859
87880
87888
87909
87917
87963
87978
87983
88037
88041
88050
88057
88092
88107
88115
88132
88135
88179
88205
88224
88230
88254
88257
88285
88327
88343
88376
88377
88390
88429
88438
88472
88474
88491
88500
88516
88518
88519
88535
88569
88610
88616
88678
88679
88693
88840
88861
88869
88869
88870
88916
88934
88956
88980
89020
89047
89059
89066
89067
89072
89105
89119
89137
89149
89156
89158
89186
89240
89255
89257
89295
89302
89329
89341
89350
89352
89354
89360
89371
89394
89401
89435
89442
89445
89491
89524
89545
89571
89594
89614
89628
89629
89657
89668
89680
89685
89740
89755
89787
89809
89814
89825
89832
89838
89870
89878
89916
89916
89929
89965
89968
90033
90035
90120
90124
90135
90143
90157
90166
90178
90191
90235
90326
90330
90342
90350
90351
90371
90381
90393
90466
90481
90512
90512
90540
90552
90569
90596
90603
90632
90691
90755
90795
90806
90806
90818
90870
90886
90928
90931
90994
90996
91009
91015
91021
91052
91093
91099
91168
91213
91227
91289
91294
91319
91320
91324
91339
91347
91357
91394
91409
91462
91500
91508
91511
91552
91574
91589
91598
91663
91694
91715
91723
91725
91743
91762
91771
91775
91784
91811
91821
91824
91826
91831
91831
91903
91907
91975
92005
92024
92033
92054
92056
92081
92109
92116
92151
92160
92162
92203
92231
92249
92273
92402
92426
92460
92506
92582
92587
92590
92653
92679
92701
92704
92716
92771
92777
92792
92810
92841
92851
92856
92874
92882
92901
92910
92916
92942
92948
92958
93003
93020
93034
93114
93125
93130
93132
93160
93178
93209
93213
93236
93242
93248
93290
93298
93310
93310
93317
93320
93338
93343
93380
93383
93387
93390
93393
93400
93407
93419
93420
93428
93468
93472
93501
93531
93541
93542
93549
93572
93589
93593
93601
93656
93659
93690
93721
93723
93726
93739
93769
93787
93795
93840
93848
93873
93884
93899
93954
93995
94052
94111
94222
94236
94277
94315
94343
94349
94371
94430
94432
94448
94449
94502
94502
94515
94558
94578
94611
94649
94681
94686
94694
94702
94706
94726
94764
94846
94853
94879
94890
94910
94934
94936
94982
94997
95001
95017
95024
95105
95109
95152
95153
95164
95215
95226
95227
95272
95282
95290
95329
95386
95400
95502
95507
95514
95518
95526
95584
95614
95622
95651
95675
95678
95696
95716
95725
95791
95818
95830
95860
95887
95892
95897
95913
95941
95973
95981
95985
95991
96007
96029
96090
96151
96155
96169
96196
96199
96217
96230
96230
96269
96275
96275
96278
96284
96288
96289
96290
96293
96298
96330
96360
96382
96425
96429
96490
96495
96511
96528
96533
96534
96544
96589
96603
96679
96706
96713
96734
96754
96760
96802
96812
96851
96898
96912
96913
96946
96979
97005
97005
97032
97033
97042
97053
97092
97105
97135
97164
97186
97186
97189
97230
97314
97330
97347
97352
97355
97359
97383
97384
97467
97495
97505
97538
97549
97555
97616
97624
97633
97851
97861
97874
97889
97910
97910
97933
97936
97946
97967
97970
97979
97983
98006
98038
98045
98099
98137
98153
98206
98214
98217
98243
98256
98294
98320
98339
98345
98351
98370
98393
98454
98468
98487
98500
98518
98519
98533
98539
98556
98561
98573
98578
98587
98605
98648
98666
98667
98671
98671
98676
98679
98687
98707
98722
98725
98745
98748
98815
98883
98887
98911
98934
98955
98991
99011
99011
99026
99051
99056
99102
99103
99109
99127
99129
99154
99202
99219
99220
99225
99236
99246
99266
99273
99293
99333
99336
99343
99353
99358
99361
99387
99439
99452
99460
99468
99493
99515
99525
99533
99535
99571
99597
99602
99611
99636
99637
99650
99667
99672
99683
99707
99738
99765
99772
99778
99780
99782
99792
99824
99841
99871
99901
99903
99947
99963
99980
99997
