-992449
-980751
-958878
-957201
-956637
-928898
-918838
-899589
-848469
-841614
-830663
-827635
-826146
-807905
-774925
-748921
-737336
-695269
-666054
-610175
-554287
-526533
-511769
-511416
-495098
-493689
-480050
-440667
-440389
-397222
-372853
-354541
-353030
-342265
-308960
-217756
-190366
-133792
-119499
-118488
-51126
-49102
-3124
46186
54355
55366
78548
81628
92301
93798
113466
114189
115242
182712
205218
210974
229720
249993
262451
295231
308977
322678
323543
328210
390122
395249
398318
426696
431558
446762
472680
474987
481064
557438
576852
597053
695111
700576
708164
722496
725989
731804
741699
750752
758508
787130
815534
858150
865250
875144
883747
891833
911191
912395
926546
929252
944678
950690
960006
982195
